#! c:/iverilog-x64/bin/vvp
:ivl_version "10.1 (stable)" "(v10_1_1)";
:ivl_delay_selection "TYPICAL";
:vpi_time_precision + 0;
:vpi_module "system";
:vpi_module "vhdl_sys";
:vpi_module "v2005_math";
:vpi_module "va_math";
S_000000000085ea10 .scope module, "TOP" "TOP" 2 2;
 .timescale 0 0;
v000000000085c6d0_0 .var "num", 3 0;
v000000000085c8b0_0 .net "out", 0 0, L_00000000008af7f0;  1 drivers
v000000000085c950_0 .net "w", 0 0, L_00000000008b16b0;  1 drivers
v000000000085c9f0_0 .net "x", 0 0, L_00000000008b0f30;  1 drivers
v000000000085ca90_0 .net "y", 0 0, L_00000000008b1250;  1 drivers
v000000000085cb30_0 .net "z", 0 0, L_00000000008b02b0;  1 drivers
L_00000000008b16b0 .part v000000000085c6d0_0, 3, 1;
L_00000000008b0f30 .part v000000000085c6d0_0, 2, 1;
L_00000000008b1250 .part v000000000085c6d0_0, 1, 1;
L_00000000008b02b0 .part v000000000085c6d0_0, 0, 1;
S_000000000085ed70 .scope module, "SEG_B" "num_7seg_B" 2 8, 3 2 0, S_000000000085ea10;
 .timescale 0 0;
    .port_info 0 /OUTPUT 1 "out"
    .port_info 1 /INPUT 1 "w"
    .port_info 2 /INPUT 1 "x"
    .port_info 3 /INPUT 1 "y"
    .port_info 4 /INPUT 1 "z"
L_0000000000822720 .functor NOT 1, L_00000000008b1250, C4<0>, C4<0>, C4<0>;
L_0000000000822790 .functor NOT 1, L_00000000008b02b0, C4<0>, C4<0>, C4<0>;
L_0000000000822800 .functor AND 1, L_0000000000822720, L_0000000000822790, C4<1>, C4<1>;
L_0000000000822870 .functor NOT 1, L_00000000008b1250, C4<0>, C4<0>, C4<0>;
L_00000000008228e0 .functor AND 1, L_00000000008b0f30, L_0000000000822870, C4<1>, C4<1>;
L_0000000000822950 .functor NOT 1, L_00000000008b02b0, C4<0>, C4<0>, C4<0>;
L_00000000008229c0 .functor AND 1, L_00000000008b0f30, L_0000000000822950, C4<1>, C4<1>;
L_0000000000822a30 .functor OR 1, L_00000000008b16b0, L_0000000000822800, C4<0>, C4<0>;
L_0000000000822aa0 .functor OR 1, L_0000000000822a30, L_00000000008228e0, C4<0>, C4<0>;
L_00000000008af7f0 .functor OR 1, L_0000000000822aa0, L_00000000008229c0, C4<0>, C4<0>;
v000000000085cd10_0 .net *"_s0", 0 0, L_0000000000822720;  1 drivers
v000000000085cdb0_0 .net *"_s10", 0 0, L_0000000000822950;  1 drivers
v000000000085d170_0 .net *"_s14", 0 0, L_0000000000822a30;  1 drivers
v000000000085c450_0 .net *"_s16", 0 0, L_0000000000822aa0;  1 drivers
v000000000085c310_0 .net *"_s2", 0 0, L_0000000000822790;  1 drivers
v000000000085c3b0_0 .net *"_s6", 0 0, L_0000000000822870;  1 drivers
v000000000085cef0_0 .net "out", 0 0, L_00000000008af7f0;  alias, 1 drivers
v000000000085c270_0 .net "out1", 0 0, L_0000000000822800;  1 drivers
v000000000085cf90_0 .net "out2", 0 0, L_00000000008228e0;  1 drivers
v000000000085c810_0 .net "out3", 0 0, L_00000000008229c0;  1 drivers
v000000000085c4f0_0 .net "w", 0 0, L_00000000008b16b0;  alias, 1 drivers
v000000000085c630_0 .net "x", 0 0, L_00000000008b0f30;  alias, 1 drivers
v000000000085ce50_0 .net "y", 0 0, L_00000000008b1250;  alias, 1 drivers
v000000000085d030_0 .net "z", 0 0, L_00000000008b02b0;  alias, 1 drivers
    .scope S_000000000085ea10;
T_0 ;
    %delay 200, 0;
    %vpi_call 2 12 "$finish" {0 0 0};
    %end;
    .thread T_0;
    .scope S_000000000085ea10;
T_1 ;
    %pushi/vec4 0, 0, 4;
    %store/vec4 v000000000085c6d0_0, 0, 4;
    %pushi/vec4 15, 0, 32;
T_1.0 %dup/vec4;
    %pushi/vec4 0, 0, 32;
    %cmp/s;
    %jmp/1xz T_1.1, 5;
    %jmp/1 T_1.1, 4;
    %pushi/vec4 1, 0, 32;
    %sub;
    %delay 5, 0;
    %load/vec4 v000000000085c6d0_0;
    %addi 1, 0, 4;
    %store/vec4 v000000000085c6d0_0, 0, 4;
    %jmp T_1.0;
T_1.1 ;
    %pop/vec4 1;
    %end;
    .thread T_1;
    .scope S_000000000085ea10;
T_2 ;
    %vpi_call 2 25 "$dumpfile", "h1_output.vcd" {0 0 0};
    %vpi_call 2 26 "$dumpvars" {0 0 0};
    %end;
    .thread T_2;
# The file index is used to find the file name in the following table.
:file_names 4;
    "N/A";
    "<interactive>";
    "h1_top.v";
    "num_7seg_B.v";
